Copyright 1986-2018 Xilinx, Inc. All Rights Reserved.
------------------------------------------------------------------------------------
| Tool Version : Vivado v.2018.3 (win64) Build 2405991 Thu Dec  6 23:38:27 MST 2018
| Date         : Wed Jun 17 21:58:25 2026
| Host         : LAPTOP-CNP6NEDE running 64-bit major release  (build 9200)
| Command      : report_control_sets -verbose -file top_control_sets_placed.rpt
| Design       : top
| Device       : xc7z020
------------------------------------------------------------------------------------

Control Set Information

Table of Contents
-----------------
1. Summary
2. Histogram
3. Flip-Flop Distribution
4. Detailed Control Set Information

1. Summary
----------

+----------------------------------------------------------+-------+
|                          Status                          | Count |
+----------------------------------------------------------+-------+
| Number of unique control sets                            |     6 |
| Unused register locations in slices containing registers |    20 |
+----------------------------------------------------------+-------+


2. Histogram
------------

+--------+--------------+
| Fanout | Control Sets |
+--------+--------------+
|     10 |            1 |
|     11 |            2 |
|     14 |            1 |
|    16+ |            2 |
+--------+--------------+


3. Flip-Flop Distribution
-------------------------

+--------------+-----------------------+------------------------+-----------------+--------------+
| Clock Enable | Synchronous Set/Reset | Asynchronous Set/Reset | Total Registers | Total Slices |
+--------------+-----------------------+------------------------+-----------------+--------------+
| No           | No                    | No                     |             102 |           39 |
| No           | No                    | Yes                    |               0 |            0 |
| No           | Yes                   | No                     |              67 |           29 |
| Yes          | No                    | No                     |               0 |            0 |
| Yes          | No                    | Yes                    |               0 |            0 |
| Yes          | Yes                   | No                     |              11 |            3 |
+--------------+-----------------------+------------------------+-----------------+--------------+


4. Detailed Control Set Information
-----------------------------------

+-------------------------------+-----------------------------+---------------------------------------------------------------------+------------------+----------------+
|          Clock Signal         |        Enable Signal        |                           Set/Reset Signal                          | Slice Load Count | Bel Load Count |
+-------------------------------+-----------------------------+---------------------------------------------------------------------+------------------+----------------+
|  video_clock_m0/inst/clk_out1 |                             | rgb2dvi_m0/U0/DataEncoders[0].DataEncoder/pDataOutRaw[9]_i_1__1_n_0 |                4 |             10 |
|  video_clock_m0/inst/clk_out1 |                             | hdmi_image_display_m0/v_cnt                                         |                3 |             11 |
|  video_clock_m0/inst/clk_out1 | hdmi_image_display_m0/v_cnt | hdmi_image_display_m0/v_cnt[11]_i_1_n_0                             |                3 |             11 |
|  video_clock_m0/inst/clk_out1 |                             | hdmi_image_display_m0/rom_addr[6]_i_1_n_0                           |                7 |             14 |
|  video_clock_m0/inst/clk_out1 |                             | rgb2dvi_m0/U0/DataEncoders[0].DataEncoder/SR[0]                     |               15 |             32 |
|  video_clock_m0/inst/clk_out1 |                             |                                                                     |               39 |            102 |
+-------------------------------+-----------------------------+---------------------------------------------------------------------+------------------+----------------+


