Copyright 1986-2018 Xilinx, Inc. All Rights Reserved.
-------------------------------------------------------------------------------------------------------------------------------
| Tool Version     : Vivado v.2018.3 (win64) Build 2405991 Thu Dec  6 23:38:27 MST 2018
| Date             : Wed Jun 17 21:53:54 2026
| Host             : LAPTOP-CNP6NEDE running 64-bit major release  (build 9200)
| Command          : report_power -file top_power_routed.rpt -pb top_power_summary_routed.pb -rpx top_power_routed.rpx
| Design           : top
| Device           : xc7z020clg400-2
| Design State     : routed
| Grade            : commercial
| Process          : typical
| Characterization : Production
-------------------------------------------------------------------------------------------------------------------------------

Power Report

Table of Contents
-----------------
1. Summary
1.1 On-Chip Components
1.2 Power Supply Summary
1.3 Confidence Level
2. Settings
2.1 Environment
2.2 Clock Constraints
3. Detailed Reports
3.1 By Hierarchy

1. Summary
----------

+--------------------------+--------------+
| Total On-Chip Power (W)  | 2.158        |
| Design Power Budget (W)  | Unspecified* |
| Power Budget Margin (W)  | NA           |
| Dynamic (W)              | 1.995        |
| Device Static (W)        | 0.163        |
| Effective TJA (C/W)      | 11.5         |
| Max Ambient (C)          | 60.1         |
| Junction Temperature (C) | 49.9         |
| Confidence Level         | Medium       |
| Setting File             | ---          |
| Simulation Activity File | ---          |
| Design Nets Matched      | NA           |
+--------------------------+--------------+
* Specify Design Power Budget using, set_operating_conditions -design_power_budget <value in Watts>


1.1 On-Chip Components
----------------------

+--------------------------+-----------+----------+-----------+-----------------+
| On-Chip                  | Power (W) | Used     | Available | Utilization (%) |
+--------------------------+-----------+----------+-----------+-----------------+
| Clocks                   |     0.041 |        8 |       --- |             --- |
| Slice Logic              |     0.031 |    61340 |       --- |             --- |
|   LUT as Logic           |     0.030 |    16822 |     53200 |           31.62 |
|   Register               |    <0.001 |    36077 |    106400 |           33.91 |
|   LUT as Distributed RAM |    <0.001 |      108 |     17400 |            0.62 |
|   CARRY4                 |    <0.001 |      171 |     13300 |            1.29 |
|   F7/F8 Muxes            |    <0.001 |     6549 |     53200 |           12.31 |
|   LUT as Shift Register  |    <0.001 |      134 |     17400 |            0.77 |
|   Others                 |     0.000 |      386 |       --- |             --- |
| Signals                  |     0.058 |    46002 |       --- |             --- |
| Block RAM                |     0.053 |     41.5 |       140 |           29.64 |
| MMCM                     |     0.105 |        1 |         4 |           25.00 |
| I/O                      |     0.134 |       10 |       125 |            8.00 |
| PS7                      |     1.574 |        1 |       --- |             --- |
| Static Power             |     0.163 |          |           |                 |
| Total                    |     2.158 |          |           |                 |
+--------------------------+-----------+----------+-----------+-----------------+


1.2 Power Supply Summary
------------------------

+-----------+-------------+-----------+-------------+------------+
| Source    | Voltage (V) | Total (A) | Dynamic (A) | Static (A) |
+-----------+-------------+-----------+-------------+------------+
| Vccint    |       1.000 |     0.200 |       0.180 |      0.020 |
| Vccaux    |       1.800 |     0.075 |       0.058 |      0.017 |
| Vcco33    |       3.300 |     0.041 |       0.040 |      0.001 |
| Vcco25    |       2.500 |     0.000 |       0.000 |      0.000 |
| Vcco18    |       1.800 |     0.000 |       0.000 |      0.000 |
| Vcco15    |       1.500 |     0.000 |       0.000 |      0.000 |
| Vcco135   |       1.350 |     0.000 |       0.000 |      0.000 |
| Vcco12    |       1.200 |     0.000 |       0.000 |      0.000 |
| Vccaux_io |       1.800 |     0.000 |       0.000 |      0.000 |
| Vccbram   |       1.000 |     0.009 |       0.004 |      0.004 |
| MGTAVcc   |       1.000 |     0.000 |       0.000 |      0.000 |
| MGTAVtt   |       1.200 |     0.000 |       0.000 |      0.000 |
| MGTVccaux |       1.800 |     0.000 |       0.000 |      0.000 |
| Vccpint   |       1.000 |     0.753 |       0.717 |      0.036 |
| Vccpaux   |       1.800 |     0.086 |       0.075 |      0.010 |
| Vccpll    |       1.800 |     0.017 |       0.014 |      0.003 |
| Vcco_ddr  |       1.500 |     0.459 |       0.457 |      0.002 |
| Vcco_mio0 |       3.300 |     0.003 |       0.002 |      0.001 |
| Vcco_mio1 |       1.800 |     0.004 |       0.003 |      0.001 |
| Vccadc    |       1.800 |     0.020 |       0.000 |      0.020 |
+-----------+-------------+-----------+-------------+------------+


1.3 Confidence Level
--------------------

+-----------------------------+------------+------------------------------------------------+------------------------------------------------------------------------------------------------------------+
| User Input Data             | Confidence | Details                                        | Action                                                                                                     |
+-----------------------------+------------+------------------------------------------------+------------------------------------------------------------------------------------------------------------+
| Design implementation state | High       | Design is routed                               |                                                                                                            |
| Clock nodes activity        | High       | User specified more than 95% of clocks         |                                                                                                            |
| I/O nodes activity          | High       | User specified more than 95% of inputs         |                                                                                                            |
| Internal nodes activity     | Medium     | User specified less than 25% of internal nodes | Provide missing internal nodes activity with simulation results or by editing the "By Resource Type" views |
| Device models               | High       | Device models are Production                   |                                                                                                            |
|                             |            |                                                |                                                                                                            |
| Overall confidence level    | Medium     |                                                |                                                                                                            |
+-----------------------------+------------+------------------------------------------------+------------------------------------------------------------------------------------------------------------+


2. Settings
-----------

2.1 Environment
---------------

+-----------------------+------------------------+
| Ambient Temp (C)      | 25.0                   |
| ThetaJA (C/W)         | 11.5                   |
| Airflow (LFM)         | 250                    |
| Heat Sink             | none                   |
| ThetaSA (C/W)         | 0.0                    |
| Board Selection       | medium (10"x10")       |
| # of Board Layers     | 8to11 (8 to 11 Layers) |
| Board Temperature (C) | 25.0                   |
+-----------------------+------------------------+


2.2 Clock Constraints
---------------------

+----------------------+--------------------------------------------------------------------------------------------------+-----------------+
| Clock                | Domain                                                                                           | Constraint (ns) |
+----------------------+--------------------------------------------------------------------------------------------------+-----------------+
| clk_fpga_0           | ps_uart_bram_hdmi_wrapper_i/ps_uart_bram_hdmi_i/processing_system7_0/inst/FCLK_CLK_unbuffered[0] |            20.0 |
| clk_out1_video_clock | hdmi_pl_top_i/video_clock_m0/inst/clk_out1_video_clock                                           |            13.5 |
| clk_out2_video_clock | hdmi_pl_top_i/video_clock_m0/inst/clk_out2                                                       |             2.7 |
| clk_out2_video_clock | hdmi_pl_top_i/video_clock_m0/inst/clk_out2_video_clock                                           |             2.7 |
| clkfbout_video_clock | hdmi_pl_top_i/video_clock_m0/inst/clkfbout_video_clock                                           |            80.0 |
| sys_clk              | sys_clk                                                                                          |            20.0 |
+----------------------+--------------------------------------------------------------------------------------------------+-----------------+


3. Detailed Reports
-------------------

3.1 By Hierarchy
----------------

+--------------------------------+-----------+
| Name                           | Power (W) |
+--------------------------------+-----------+
| top                            |     1.995 |
|   hdmi_pl_top_i                |     0.383 |
|     hdmi_bram_sobel_display_m0 |     0.140 |
|       u_alg_RGB2YCbCr          |     0.005 |
|       u_alg_matrix_3x3         |     0.106 |
|     rgb2dvi_m0                 |     0.137 |
|       U0                       |     0.137 |
|     video_clock_m0             |     0.105 |
|       inst                     |     0.105 |
|   ps_uart_bram_hdmi_wrapper_i  |     1.612 |
|     ps_uart_bram_hdmi_i        |     1.612 |
|       axi_bram_ctrl_0          |     0.001 |
|       axi_smc                  |     0.009 |
|       blk_mem_gen_0            |     0.027 |
|       processing_system7_0     |     1.574 |
+--------------------------------+-----------+


